Unity Editor version:    2020.3.25f1 (9b9180224418)
Branch:                  2020.3/staging
Build type:              Release
Batch mode:              YES
macOS version:           Version 12.0.1 (Build 21A559)
Darwin version:          21.1.0
Architecture:            x86_64
Running under Rosetta:   YES
Available memory:        8192 MB
Using pre-set license
Pro License: NO

COMMAND LINE ARGUMENTS:
/Volumes/Extreme SSD/Unity/Editor/2020.3.25f1/Unity.app/Contents/MacOS/Unity
-adb2
-batchMode
-noUpm
-name
AssetImportWorker0
-projectPath
/Volumes/Extreme SSD/Unity/GIT
-logFile
Logs/AssetImportWorker0.log
-srvPort
49590
Successfully changed project path to: /Volumes/Extreme SSD/Unity/GIT
/Volumes/Extreme SSD/Unity/GIT
Using Asset Import Pipeline V2.
Refreshing native plugins compatible for Editor in 57.79 ms, found 2 plugins.
Preloading 0 native plugins for Editor in 0.00 ms.
Initialize engine version: 2020.3.25f1 (9b9180224418)
[Subsystems] Discovering subsystems at path /Volumes/Extreme SSD/Unity/Editor/2020.3.25f1/Unity.app/Contents/Resources/UnitySubsystems
[Subsystems] Discovering subsystems at path /Volumes/Extreme SSD/Unity/GIT/Assets
GfxDevice: creating device client; threaded=0
2022-03-14 10:35:07.656 Unity[99955:865065] (null) preferred device: Apple M1 (high power)
2022-03-14 10:35:07.656 Unity[99955:865065] Metal devices available: 1
2022-03-14 10:35:07.656 Unity[99955:865065] 0: Apple M1 (high power)
2022-03-14 10:35:07.656 Unity[99955:865065] Using device Apple M1 (high power)
Initializing Metal device caps: Apple M1
Initialize mono
Mono path[0] = '/Volumes/Extreme SSD/Unity/Editor/2020.3.25f1/Unity.app/Contents/Managed'
Mono path[1] = '/Volumes/Extreme SSD/Unity/Editor/2020.3.25f1/Unity.app/Contents/MonoBleedingEdge/lib/mono/unityjit'
Mono config path = '/Volumes/Extreme SSD/Unity/Editor/2020.3.25f1/Unity.app/Contents/MonoBleedingEdge/etc'
Using monoOptions --debugger-agent=transport=dt_socket,embedding=1,server=y,suspend=n,address=127.0.0.1:56955
Begin MonoManager ReloadAssembly
Registering precompiled unity dll's ...
Register platform support module: /Volumes/Extreme SSD/Unity/Editor/2020.3.25f1/Unity.app/Contents/PlaybackEngines/MacStandaloneSupport/UnityEditor.OSXStandalone.Extensions.dll
Registered in 0.004137 seconds.
Native extension for OSXStandalone target not found
Refreshing native plugins compatible for Editor in 37.88 ms, found 2 plugins.
Preloading 0 native plugins for Editor in 0.00 ms.
Mono: successfully reloaded assembly
- Completed reload, in  1.725 seconds
Domain Reload Profiling:
	ReloadAssembly (1726ms)
		BeginReloadAssembly (318ms)
			ExecutionOrderSort (0ms)
			DisableScriptedObjects (0ms)
			BackupInstance (0ms)
			ReleaseScriptingObjects (0ms)
			CreateAndSetChildDomain (4ms)
		EndReloadAssembly (1219ms)
			LoadAssemblies (323ms)
			RebuildTransferFunctionScriptingTraits (18ms)
			SetupTypeCache (279ms)
			ReleaseScriptCaches (0ms)
			RebuildScriptCaches (43ms)
			SetupLoadedEditorAssemblies (569ms)
				LogAssemblyErrors (0ms)
				InitializePlatformSupportModulesInManaged (17ms)
				SetLoadedEditorAssemblies (0ms)
				RefreshPlugins (38ms)
				BeforeProcessingInitializeOnLoad (39ms)
				ProcessInitializeOnLoadAttributes (353ms)
				ProcessInitializeOnLoadMethodAttributes (119ms)
				AfterProcessingInitializeOnLoad (0ms)
				EditorAssembliesLoaded (2ms)
			ExecutionOrderSort2 (0ms)
			AwakeInstancesAfterBackupRestoration (0ms)
Platform modules already initialized, skipping
Registering precompiled user dll's ...
Registered in 0.014801 seconds.
Begin MonoManager ReloadAssembly
Native extension for OSXStandalone target not found
Refreshing native plugins compatible for Editor in 0.54 ms, found 2 plugins.
Preloading 0 native plugins for Editor in 0.00 ms.
Mono: successfully reloaded assembly
- Completed reload, in  2.615 seconds
Domain Reload Profiling:
	ReloadAssembly (2618ms)
		BeginReloadAssembly (267ms)
			ExecutionOrderSort (0ms)
			DisableScriptedObjects (31ms)
			BackupInstance (0ms)
			ReleaseScriptingObjects (0ms)
			CreateAndSetChildDomain (43ms)
		EndReloadAssembly (2263ms)
			LoadAssemblies (487ms)
			RebuildTransferFunctionScriptingTraits (0ms)
			SetupTypeCache (516ms)
			ReleaseScriptCaches (0ms)
			RebuildScriptCaches (51ms)
			SetupLoadedEditorAssemblies (965ms)
				LogAssemblyErrors (0ms)
				InitializePlatformSupportModulesInManaged (14ms)
				SetLoadedEditorAssemblies (2ms)
				RefreshPlugins (1ms)
				BeforeProcessingInitializeOnLoad (102ms)
				ProcessInitializeOnLoadAttributes (807ms)
				ProcessInitializeOnLoadMethodAttributes (38ms)
				AfterProcessingInitializeOnLoad (1ms)
				EditorAssembliesLoaded (1ms)
			ExecutionOrderSort2 (0ms)
			AwakeInstancesAfterBackupRestoration (32ms)
Platform modules already initialized, skipping
Validating Project structure ... 0.006703 seconds.
Shader import version has changed; will reimport all shaders...
Upgrading shader files ...0.044125 seconds.
Application.AssetDatabase Initial Script Refresh Start
RefreshInfo: InitialScriptRefreshV2(NoUpdateAssetOptions) scanfilter:  ... 1 filters
RefreshProfiler: Total: 0.000ms
Application.AssetDatabase Initial Script Refresh End
Application.AssetDatabase.Refresh Start
Application.AssetDatabase.Refresh End
RefreshInfo: StopAssetImportingV2(ForceSynchronousImport) scanfilter: 
RefreshProfiler: Total: 0.000ms
Launching external process: /Volumes/Extreme SSD/Unity/Editor/2020.3.25f1/Unity.app/Contents/Tools/UnityShaderCompiler
Launched and connected shader compiler UnityShaderCompiler after 0.07 seconds
Initializing Unity extensions:
2022-03-14 10:35:16.902 Unity[99955:865065] NSEventModifierFlagFunction specified to -setKeyEquivalentModifierMask: for item <NSMenuItem: 0x600001b88770 Font Asset, ke='Command-F12'>, but is only supported for system-provided menu items; will not be used
2022-03-14 10:35:16.906 Unity[99955:865065] NSEventModifierFlagFunction specified to -setKeyEquivalentModifierMask: for item <NSMenuItem: 0x600001b9cc40 Font Asset, ke='Command-F12'>, but is only supported for system-provided menu items; will not be used
========================================================================
Worker process is ready to serve import requests
Refreshing native plugins compatible for Editor in 0.37 ms, found 2 plugins.
Preloading 0 native plugins for Editor in 0.00 ms.
Unloading 1563 Unused Serialized files (Serialized files now loaded: 0)
System memory in use before: 211.4 MB.
System memory in use after: 211.1 MB.

Unloading 90 unused Assets to reduce memory usage. Loaded Objects now: 2059.
Total: 19.695958 ms (FindLiveObjects: 0.324625 ms CreateObjectMapping: 0.054250 ms MarkObjects: 18.885416 ms  DeleteObjects: 0.252334 ms)

AssetImportParameters requested are different than current active one (requested -> active):
  custom:video-decoder-ogg-theora: a1e56fd34408186e4bbccfd4996cb3dc -> 
  custom:container-muxer-webm: aa71ff27fc2769a1b78a27578f13a17b -> 
  custom:container-demuxer-webm: 4f35f7cbe854078d1ac9338744f61a02 -> 
  custom:container-demuxer-ogg: 62fdf1f143b41e24485cea50d1cbac27 -> 
  custom:video-encoder-webm-vp8: eb34c28f22e8b96e1ab97ce403110664 -> 
  custom:framework-osx-AVFoundation: e770b220cccbd017edd2c1fefb359320 -> 
  custom:video-decoder-webm-vp8: 9c59270c3fd7afecdb556c50c9e8de78 -> 
  custom:audio-decoder-ogg-vorbis: bf7c407c2cedff20999df2af8eb42d56 -> 
  custom:audio-encoder-webm-vorbis: bf7c407c2cedff20999df2af8eb42d56 -> 
========================================================================
Received Import Request.
  path: Assets/Prefabs/bloodEffectParticlePrefab_melee.prefab
  artifactKey: Guid(f3447bbe4bcfe0c4e86addfaae6a26bd) Importer(815301076,1909f56bfc062723c751e8b465ee728b)
Start importing Assets/Prefabs/bloodEffectParticlePrefab_melee.prefab using Guid(f3447bbe4bcfe0c4e86addfaae6a26bd) Importer(815301076,1909f56bfc062723c751e8b465ee728b)  -> (artifact id: '7a32b65da7f0bfc1922d28885d544661') in 1.003888 seconds 
  Import took 1.013990 seconds .

========================================================================
Received Import Request.
  Time since last request: 0.001292 seconds.
  path: Assets/scripts/Enemy.cs
  artifactKey: Guid(3f88ed3df524df449b6a4fbce83a3a55) Importer(815301076,1909f56bfc062723c751e8b465ee728b)
Start importing Assets/scripts/Enemy.cs using Guid(3f88ed3df524df449b6a4fbce83a3a55) Importer(815301076,1909f56bfc062723c751e8b465ee728b)  -> (artifact id: 'f2ec3c815a3f353309a357d557c88d20') in 0.305397 seconds 
  Import took 0.312506 seconds .

========================================================================
Received Import Request.
  Time since last request: 0.000329 seconds.
  path: Assets/Prefabs/PT_Medieval_Male_Armor_Skeleton_01.prefab
  artifactKey: Guid(d987b503538be99419ae353411b89c4c) Importer(815301076,1909f56bfc062723c751e8b465ee728b)
Start importing Assets/Prefabs/PT_Medieval_Male_Armor_Skeleton_01.prefab using Guid(d987b503538be99419ae353411b89c4c) Importer(815301076,1909f56bfc062723c751e8b465ee728b)  -> (artifact id: '58a533a92cfc418247cf41a1e512ad6a') in 0.647569 seconds 
  Import took 0.652043 seconds .

========================================================================
Received Import Request.
  Time since last request: 0.000401 seconds.
  path: Assets/Prefabs/ZombieRig.prefab
  artifactKey: Guid(b4bef073eba8a5d449082242d0fc4d65) Importer(815301076,1909f56bfc062723c751e8b465ee728b)
Start importing Assets/Prefabs/ZombieRig.prefab using Guid(b4bef073eba8a5d449082242d0fc4d65) Importer(815301076,1909f56bfc062723c751e8b465ee728b)  -> (artifact id: 'fe13e5fe951fbaae9344a101da1b1159') in 0.386785 seconds 
  Import took 0.389543 seconds .

========================================================================
Received Import Request.
  Time since last request: 0.000254 seconds.
  path: Assets/Prefabs/Zombie3.prefab
  artifactKey: Guid(35e741f3a086c174a8b21e20a4576e90) Importer(815301076,1909f56bfc062723c751e8b465ee728b)
Start importing Assets/Prefabs/Zombie3.prefab using Guid(35e741f3a086c174a8b21e20a4576e90) Importer(815301076,1909f56bfc062723c751e8b465ee728b)  -> (artifact id: 'ed73e7ffa69d5f2a85dd9b1046812788') in 0.207927 seconds 
  Import took 0.212346 seconds .

========================================================================
Received Import Request.
  Time since last request: 348.952246 seconds.
  path: Assets/scripts/ControllerGame.cs
  artifactKey: Guid(774d95ea343254940983f04df5822e55) Importer(815301076,1909f56bfc062723c751e8b465ee728b)
Start importing Assets/scripts/ControllerGame.cs using Guid(774d95ea343254940983f04df5822e55) Importer(815301076,1909f56bfc062723c751e8b465ee728b)  -> (artifact id: '551ef1dc948ee2af96142b9eced4c281') in 0.013847 seconds 
  Import took 0.025777 seconds .

========================================================================
Received Import Request.
  Time since last request: 2.472981 seconds.
  path: Assets/scripts/Controller.cs
  artifactKey: Guid(0518a5e611bd74543a84999b46294730) Importer(815301076,1909f56bfc062723c751e8b465ee728b)
Start importing Assets/scripts/Controller.cs using Guid(0518a5e611bd74543a84999b46294730) Importer(815301076,1909f56bfc062723c751e8b465ee728b)  -> (artifact id: 'e121265bb1a9f19a58136597734aa818') in 0.007685 seconds 
  Import took 0.010851 seconds .

========================================================================
Received Prepare
Registering precompiled user dll's ...
Registered in 0.048036 seconds.
Begin MonoManager ReloadAssembly
Native extension for OSXStandalone target not found
Refreshing native plugins compatible for Editor in 0.37 ms, found 2 plugins.
Preloading 0 native plugins for Editor in 0.00 ms.
2022-03-14 10:43:20.988 Unity[99955:865065] NSEventModifierFlagFunction specified to -setKeyEquivalentModifierMask: for item <NSMenuItem: 0x600001bd3d40 Font Asset, ke='Command-F12'>, but is only supported for system-provided menu items; will not be used
Mono: successfully reloaded assembly
- Completed reload, in  2.474 seconds
Domain Reload Profiling:
	ReloadAssembly (2475ms)
		BeginReloadAssembly (281ms)
			ExecutionOrderSort (0ms)
			DisableScriptedObjects (36ms)
			BackupInstance (0ms)
			ReleaseScriptingObjects (0ms)
			CreateAndSetChildDomain (108ms)
		EndReloadAssembly (2103ms)
			LoadAssemblies (503ms)
			RebuildTransferFunctionScriptingTraits (0ms)
			SetupTypeCache (311ms)
			ReleaseScriptCaches (1ms)
			RebuildScriptCaches (43ms)
			SetupLoadedEditorAssemblies (981ms)
				LogAssemblyErrors (0ms)
				InitializePlatformSupportModulesInManaged (14ms)
				SetLoadedEditorAssemblies (2ms)
				RefreshPlugins (0ms)
				BeforeProcessingInitializeOnLoad (165ms)
				ProcessInitializeOnLoadAttributes (750ms)
				ProcessInitializeOnLoadMethodAttributes (49ms)
				AfterProcessingInitializeOnLoad (1ms)
				EditorAssembliesLoaded (0ms)
			ExecutionOrderSort2 (0ms)
			AwakeInstancesAfterBackupRestoration (34ms)
Platform modules already initialized, skipping
Refreshing native plugins compatible for Editor in 0.38 ms, found 2 plugins.
Preloading 0 native plugins for Editor in 0.00 ms.
Unloading 1541 Unused Serialized files (Serialized files now loaded: 0)
System memory in use before: 231.1 MB.
System memory in use after: 231.2 MB.

Unloading 15 unused Assets to reduce memory usage. Loaded Objects now: 2069.
Total: 5.604750 ms (FindLiveObjects: 0.116333 ms CreateObjectMapping: 0.031125 ms MarkObjects: 5.424209 ms  DeleteObjects: 0.031167 ms)

AssetImportParameters requested are different than current active one (requested -> active):
  custom:video-decoder-ogg-theora: a1e56fd34408186e4bbccfd4996cb3dc -> 
  custom:container-muxer-webm: aa71ff27fc2769a1b78a27578f13a17b -> 
  custom:container-demuxer-webm: 4f35f7cbe854078d1ac9338744f61a02 -> 
  custom:container-demuxer-ogg: 62fdf1f143b41e24485cea50d1cbac27 -> 
  custom:video-encoder-webm-vp8: eb34c28f22e8b96e1ab97ce403110664 -> 
  custom:framework-osx-AVFoundation: e770b220cccbd017edd2c1fefb359320 -> 
  custom:video-decoder-webm-vp8: 9c59270c3fd7afecdb556c50c9e8de78 -> 
  custom:audio-decoder-ogg-vorbis: bf7c407c2cedff20999df2af8eb42d56 -> 
  custom:audio-encoder-webm-vorbis: bf7c407c2cedff20999df2af8eb42d56 -> 
